[debug] [2024-01-12T15:44:38.987Z] ----------------------------------------------------------------------
[debug] [2024-01-12T15:44:38.990Z] Command:       C:\Program Files\nodejs\node.exe C:\Users\ESTIME\AppData\Roaming\npm\node_modules\firebase-tools\lib\bin\firebase.js deploy
[debug] [2024-01-12T15:44:38.991Z] CLI Version:   13.0.2
[debug] [2024-01-12T15:44:38.991Z] Platform:      win32
[debug] [2024-01-12T15:44:38.991Z] Node Version:  v18.17.0
[debug] [2024-01-12T15:44:38.993Z] Time:          Fri Jan 12 2024 07:44:38 GMT-0800 (heure normale du Pacifique nord-américain)
[debug] [2024-01-12T15:44:38.993Z] ----------------------------------------------------------------------
[debug] 
[debug] [2024-01-12T15:44:38.998Z] >>> [apiv2][query] GET https://firebase-public.firebaseio.com/cli.json [none]
[debug] [2024-01-12T15:44:39.157Z] > command requires scopes: ["email","openid","https://www.googleapis.com/auth/cloudplatformprojects.readonly","https://www.googleapis.com/auth/firebase","https://www.googleapis.com/auth/cloud-platform"]
[debug] [2024-01-12T15:44:39.157Z] > authorizing via signed-in user (estimegliti108@gmail.com)
[debug] [2024-01-12T15:44:39.158Z] [iam] checking project reactmonkey-4a237 for permissions ["firebase.projects.get","firebasehosting.sites.update"]
[debug] [2024-01-12T15:44:39.159Z] > refreshing access token with scopes: []
[debug] [2024-01-12T15:44:39.160Z] >>> [apiv2][query] POST https://www.googleapis.com/oauth2/v3/token [none]
[debug] [2024-01-12T15:44:39.160Z] >>> [apiv2][body] POST https://www.googleapis.com/oauth2/v3/token [omitted]
[debug] [2024-01-12T15:44:39.194Z] *** [apiv2] error from fetch(https://firebase-public.firebaseio.com/cli.json, {"headers":{},"method":"GET"}): FetchError: request to https://firebase-public.firebaseio.com/cli.json failed, reason: getaddrinfo ENOTFOUND firebase-public.firebaseio.com
[warn] !  Unable to fetch the CLI MOTD and remote config. This is not a fatal error, but may indicate an issue with your network connection. 
[debug] [2024-01-12T15:44:39.196Z] Failed to fetch MOTD FirebaseError: Failed to make request to https://firebase-public.firebaseio.com/cli.json
[debug] [2024-01-12T15:44:39.197Z] *** [apiv2] error from fetch(https://www.googleapis.com/oauth2/v3/token, {"headers":{},"method":"POST","body":{"_overheadLength":545,"_valueLength":212,"_valuesToMeasure":[],"writable":false,"readable":true,"dataSize":0,"maxDataSize":2097152,"pauseStreams":true,"_released":true,"_streams":[],"_currentStream":null,"_insideLoop":false,"_pendingNext":false,"_boundary":"--------------------------053420498389704984788949","_events":{},"_eventsCount":1}}): FetchError: request to https://www.googleapis.com/oauth2/v3/token failed, reason: getaddrinfo ENOTFOUND www.googleapis.com
[debug] [2024-01-12T15:44:39.203Z] [iam] error while checking permissions, command may fail: FirebaseError: Authentication Error: Your credentials are no longer valid. Please run firebase login --reauth

For CI servers and headless environments, generate a new token with firebase login:ci
[debug] [2024-01-12T15:44:39.204Z] > refreshing access token with scopes: []
[debug] [2024-01-12T15:44:39.205Z] >>> [apiv2][query] POST https://www.googleapis.com/oauth2/v3/token [none]
[debug] [2024-01-12T15:44:39.205Z] >>> [apiv2][body] POST https://www.googleapis.com/oauth2/v3/token [omitted]
[debug] [2024-01-12T15:44:39.219Z] *** [apiv2] error from fetch(https://www.googleapis.com/oauth2/v3/token, {"headers":{},"method":"POST","body":{"_overheadLength":545,"_valueLength":212,"_valuesToMeasure":[],"writable":false,"readable":true,"dataSize":0,"maxDataSize":2097152,"pauseStreams":true,"_released":true,"_streams":[],"_currentStream":null,"_insideLoop":false,"_pendingNext":false,"_boundary":"--------------------------718375031198125908652097","_events":{},"_eventsCount":1}}): FetchError: request to https://www.googleapis.com/oauth2/v3/token failed, reason: getaddrinfo ENOTFOUND www.googleapis.com
[debug] [2024-01-12T15:44:39.219Z] Authentication Error: Your credentials are no longer valid. Please run firebase login --reauth

For CI servers and headless environments, generate a new token with firebase login:ci
[error] 
[error] Error: Assertion failed: resolving hosting target of a site with no site name or target name. This should have caused an error earlier
